# JRE version: Java(TM) SE Runtime Environment (8.0_121-b13) (build 1.8.0_121-b13)
# Java VM: Java HotSpot(TM) 64-Bit Server VM (25.121-b13 mixed mode windows-amd64 compressed oops)
Heap:
 PSYoungGen      total 76800K, used 16807K [0x00000000d5580000, 0x00000000dbc00000, 0x0000000100000000)
  eden space 66048K, 13% used [0x00000000d5580000,0x00000000d5e1abe0,0x00000000d9600000)
  from space 10752K, 74% used [0x00000000db180000,0x00000000db94f098,0x00000000dbc00000)
  to   space 5120K, 0% used [0x00000000d9600000,0x00000000d9600000,0x00000000d9b00000)
 ParOldGen       total 58368K, used 18219K [0x0000000080000000, 0x0000000083900000, 0x00000000d5580000)
  object space 58368K, 31% used [0x0000000080000000,0x00000000811cad98,0x0000000083900000)
 Metaspace       used 39377K, capacity 41750K, committed 41856K, reserved 1087488K
  class space    used 5479K, capacity 5913K, committed 6016K, reserved 1048576K
GC Heap History (10 events):
Event: 4.532 GC heap before
{Heap before GC invocations=6 (full 1):
 PSYoungGen      total 57856K, used 57450K [0x00000000d5580000, 0x00000000da000000, 0x0000000100000000)
  eden space 53248K, 100% used [0x00000000d5580000,0x00000000d8980000,0x00000000d8980000)
  from space 4608K, 91% used [0x00000000d9b80000,0x00000000d9f9aa10,0x00000000da000000)
  to   space 5120K, 0% used [0x00000000d9600000,0x00000000d9600000,0x00000000d9b00000)
 ParOldGen       total 58368K, used 8341K [0x0000000080000000, 0x0000000083900000, 0x00000000d5580000)
  object space 58368K, 14% used [0x0000000080000000,0x0000000080825490,0x0000000083900000)
 Metaspace       used 26402K, capacity 27566K, committed 27776K, reserved 1073152K
  class space    used 3667K, capacity 3952K, committed 3968K, reserved 1048576K
Event: 4.544 GC heap after
Heap after GC invocations=6 (full 1):
 PSYoungGen      total 71168K, used 5108K [0x00000000d5580000, 0x00000000dbc00000, 0x0000000100000000)
  eden space 66048K, 0% used [0x00000000d5580000,0x00000000d5580000,0x00000000d9600000)
  from space 5120K, 99% used [0x00000000d9600000,0x00000000d9afd1e8,0x00000000d9b00000)
  to   space 10752K, 0% used [0x00000000db180000,0x00000000db180000,0x00000000dbc00000)
 ParOldGen       total 58368K, used 11326K [0x0000000080000000, 0x0000000083900000, 0x00000000d5580000)
  object space 58368K, 19% used [0x0000000080000000,0x0000000080b0fa80,0x0000000083900000)
 Metaspace       used 26402K, capacity 27566K, committed 27776K, reserved 1073152K
  class space    used 3667K, capacity 3952K, committed 3968K, reserved 1048576K
}
Event: 5.639 GC heap before
{Heap before GC invocations=7 (full 1):
 PSYoungGen      total 71168K, used 71156K [0x00000000d5580000, 0x00000000dbc00000, 0x0000000100000000)
  eden space 66048K, 100% used [0x00000000d5580000,0x00000000d9600000,0x00000000d9600000)
  from space 5120K, 99% used [0x00000000d9600000,0x00000000d9afd1e8,0x00000000d9b00000)
  to   space 10752K, 0% used [0x00000000db180000,0x00000000db180000,0x00000000dbc00000)
 ParOldGen       total 58368K, used 11326K [0x0000000080000000, 0x0000000083900000, 0x00000000d5580000)
  object space 58368K, 19% used [0x0000000080000000,0x0000000080b0fa80,0x0000000083900000)
 Metaspace       used 32443K, capacity 34054K, committed 34304K, reserved 1079296K
  class space    used 4432K, capacity 4744K, committed 4864K, reserved 1048576K
Event: 5.664 GC heap after
Heap after GC invocations=7 (full 1):
 PSYoungGen      total 76800K, used 10723K [0x00000000d5580000, 0x00000000dbc00000, 0x0000000100000000)
  eden space 66048K, 0% used [0x00000000d5580000,0x00000000d5580000,0x00000000d9600000)
  from space 10752K, 99% used [0x00000000db180000,0x00000000dbbf8d40,0x00000000dbc00000)
  to   space 5120K, 0% used [0x00000000d9600000,0x00000000d9600000,0x00000000d9b00000)
 ParOldGen       total 58368K, used 15564K [0x0000000080000000, 0x0000000083900000, 0x00000000d5580000)
  object space 58368K, 26% used [0x0000000080000000,0x0000000080f330b0,0x0000000083900000)
 Metaspace       used 32443K, capacity 34054K, committed 34304K, reserved 1079296K
  class space    used 4432K, capacity 4744K, committed 4864K, reserved 1048576K
}
Event: 5.977 GC heap before
{Heap before GC invocations=8 (full 1):
 PSYoungGen      total 76800K, used 23406K [0x00000000d5580000, 0x00000000dbc00000, 0x0000000100000000)
  eden space 66048K, 19% used [0x00000000d5580000,0x00000000d61e2c38,0x00000000d9600000)
  from space 10752K, 99% used [0x00000000db180000,0x00000000dbbf8d40,0x00000000dbc00000)
  to   space 5120K, 0% used [0x00000000d9600000,0x00000000d9600000,0x00000000d9b00000)
 ParOldGen       total 58368K, used 15564K [0x0000000080000000, 0x0000000083900000, 0x00000000d5580000)
  object space 58368K, 26% used [0x0000000080000000,0x0000000080f330b0,0x0000000083900000)
 Metaspace       used 33779K, capacity 35312K, committed 35456K, reserved 1079296K
  class space    used 4619K, capacity 4943K, committed 4992K, reserved 1048576K
Event: 5.999 GC heap after
Heap after GC invocations=8 (full 1):
 PSYoungGen      total 71168K, used 5104K [0x00000000d5580000, 0x00000000dbc00000, 0x0000000100000000)
  eden space 66048K, 0% used [0x00000000d5580000,0x00000000d5580000,0x00000000d9600000)
  from space 5120K, 99% used [0x00000000d9600000,0x00000000d9afc020,0x00000000d9b00000)
  to   space 10752K, 0% used [0x00000000db180000,0x00000000db180000,0x00000000dbc00000)
 ParOldGen       total 58368K, used 23099K [0x0000000080000000, 0x0000000083900000, 0x00000000d5580000)
  object space 58368K, 39% used [0x0000000080000000,0x000000008168ec18,0x0000000083900000)
 Metaspace       used 33779K, capacity 35312K, committed 35456K, reserved 1079296K
  class space    used 4619K, capacity 4943K, committed 4992K, reserved 1048576K
}
Event: 5.999 GC heap before
{Heap before GC invocations=9 (full 2):
 PSYoungGen      total 71168K, used 5104K [0x00000000d5580000, 0x00000000dbc00000, 0x0000000100000000)
  eden space 66048K, 0% used [0x00000000d5580000,0x00000000d5580000,0x00000000d9600000)
  from space 5120K, 99% used [0x00000000d9600000,0x00000000d9afc020,0x00000000d9b00000)
  to   space 10752K, 0% used [0x00000000db180000,0x00000000db180000,0x00000000dbc00000)
 ParOldGen       total 58368K, used 23099K [0x0000000080000000, 0x0000000083900000, 0x00000000d5580000)
  object space 58368K, 39% used [0x0000000080000000,0x000000008168ec18,0x0000000083900000)
 Metaspace       used 33779K, capacity 35312K, committed 35456K, reserved 1079296K
  class space    used 4619K, capacity 4943K, committed 4992K, reserved 1048576K
Event: 6.088 GC heap after
Heap after GC invocations=9 (full 2):
 PSYoungGen      total 71168K, used 0K [0x00000000d5580000, 0x00000000dbc00000, 0x0000000100000000)
  eden space 66048K, 0% used [0x00000000d5580000,0x00000000d5580000,0x00000000d9600000)
  from space 5120K, 0% used [0x00000000d9600000,0x00000000d9600000,0x00000000d9b00000)
  to   space 10752K, 0% used [0x00000000db180000,0x00000000db180000,0x00000000dbc00000)
 ParOldGen       total 58368K, used 18211K [0x0000000080000000, 0x0000000083900000, 0x00000000d5580000)
  object space 58368K, 31% used [0x0000000080000000,0x00000000811c8d98,0x0000000083900000)
 Metaspace       used 33779K, capacity 35312K, committed 35456K, reserved 1079296K
  class space    used 4619K, capacity 4943K, committed 4992K, reserved 1048576K
}
Event: 7.044 GC heap before
{Heap before GC invocations=10 (full 2):
 PSYoungGen      total 71168K, used 66048K [0x00000000d5580000, 0x00000000dbc00000, 0x0000000100000000)
  eden space 66048K, 100% used [0x00000000d5580000,0x00000000d9600000,0x00000000d9600000)
  from space 5120K, 0% used [0x00000000d9600000,0x00000000d9600000,0x00000000d9b00000)
  to   space 10752K, 0% used [0x00000000db180000,0x00000000db180000,0x00000000dbc00000)
 ParOldGen       total 58368K, used 18211K [0x0000000080000000, 0x0000000083900000, 0x00000000d5580000)
  object space 58368K, 31% used [0x0000000080000000,0x00000000811c8d98,0x0000000083900000)
 Metaspace       used 38822K, capacity 41202K, committed 41472K, reserved 1085440K
  class space    used 5399K, capacity 5805K, committed 5888K, reserved 1048576K
Event: 7.060 GC heap after
Heap after GC invocations=10 (full 2):
 PSYoungGen      total 76800K, used 7996K [0x00000000d5580000, 0x00000000dbc00000, 0x0000000100000000)
  eden space 66048K, 0% used [0x00000000d5580000,0x00000000d5580000,0x00000000d9600000)
  from space 10752K, 74% used [0x00000000db180000,0x00000000db94f098,0x00000000dbc00000)
  to   space 5120K, 0% used [0x00000000d9600000,0x00000000d9600000,0x00000000d9b00000)
 ParOldGen       total 58368K, used 18219K [0x0000000080000000, 0x0000000083900000, 0x00000000d5580000)
  object space 58368K, 31% used [0x0000000080000000,0x00000000811cad98,0x0000000083900000)
 Metaspace       used 38822K, capacity 41202K, committed 41472K, reserved 1085440K
  class space    used 5399K, capacity 5805K, committed 5888K, reserved 1048576K
}

